0 info it worked if it ends with ok
1 verbose cli [ '/usr/bin/node', '/usr/bin/npm', 'run', 'storybook' ]
2 info using npm@3.5.2
3 info using node@v8.10.0
4 verbose run-script [ 'prestorybook', 'storybook', 'poststorybook' ]
5 info lifecycle frontend@1.0.0~prestorybook: frontend@1.0.0
6 silly lifecycle frontend@1.0.0~prestorybook: no script for prestorybook, continuing
7 info lifecycle frontend@1.0.0~storybook: frontend@1.0.0
8 verbose lifecycle frontend@1.0.0~storybook: unsafe-perm in lifecycle true
9 verbose lifecycle frontend@1.0.0~storybook: PATH: /usr/share/npm/bin/node-gyp-bin:/home/garamantes/proyectos_platzi/javascript/frontend/node_modules/.bin:/usr/local/sbin:/usr/local/bin:/usr/sbin:/usr/bin:/sbin:/bin:/usr/games:/usr/local/games:/snap/bin
10 verbose lifecycle frontend@1.0.0~storybook: CWD: /home/garamantes/proyectos_platzi/javascript/frontend
11 silly lifecycle frontend@1.0.0~storybook: Args: [ '-c', 'start-storybook -p 6006' ]
12 info lifecycle frontend@1.0.0~storybook: Failed to exec storybook script
13 verbose stack Error: frontend@1.0.0 storybook: `start-storybook -p 6006`
13 verbose stack spawn ENOENT
13 verbose stack     at ChildProcess.<anonymous> (/usr/share/npm/lib/utils/spawn.js:17:16)
13 verbose stack     at emitTwo (events.js:126:13)
13 verbose stack     at ChildProcess.emit (events.js:214:7)
13 verbose stack     at maybeClose (internal/child_process.js:925:16)
13 verbose stack     at Process.ChildProcess._handle.onexit (internal/child_process.js:209:5)
14 verbose pkgid frontend@1.0.0
15 verbose cwd /home/garamantes/proyectos_platzi/javascript/frontend/stories
16 error Linux 5.0.0-37-generic
17 error argv "/usr/bin/node" "/usr/bin/npm" "run" "storybook"
18 error node v8.10.0
19 error npm  v3.5.2
20 error file sh
21 error code ELIFECYCLE
22 error errno ENOENT
23 error syscall spawn
24 error frontend@1.0.0 storybook: `start-storybook -p 6006`
24 error spawn ENOENT
25 error Failed at the frontend@1.0.0 storybook script 'start-storybook -p 6006'.
25 error Make sure you have the latest version of node.js and npm installed.
25 error If you do, this is most likely a problem with the frontend package,
25 error not with npm itself.
25 error Tell the author that this fails on your system:
25 error     start-storybook -p 6006
25 error You can get information on how to open an issue for this project with:
25 error     npm bugs frontend
25 error Or if that isn't available, you can get their info via:
25 error     npm owner ls frontend
25 error There is likely additional logging output above.
26 verbose exit [ 1, true ]
